<?xml version="1.0" encoding="UTF-8"?>
<!-- Generated by org.testng.reporters.JUnitReportReporter -->
<testsuite hostname="Pradeep" failures="0" tests="1" name="Selenium1.SpinningTarget" time="10.899" errors="0" timestamp="2025-03-25T11:58:12 IST" skipped="0">
  <testcase classname="Selenium1.SpinningTarget" name="setup" time="10.899"/>
</testsuite> <!-- Selenium1.SpinningTarget -->
