<?xml version="1.0" encoding="UTF-8"?>
<!-- Generated by org.testng.reporters.JUnitReportReporter -->
<testsuite hostname="Pradeep" failures="0" tests="1" name="practice.expandtesting.jsError" time="18.112" errors="0" timestamp="2025-04-01T16:09:20 IST" skipped="0">
  <testcase classname="practice.expandtesting.jsError" name="setUp" time="18.112"/>
</testsuite> <!-- practice.expandtesting.jsError -->
