<?xml version="1.0" encoding="UTF-8"?>
<!-- Generated by org.testng.reporters.JUnitReportReporter -->
<testsuite hostname="Pradeep" failures="0" tests="1" name="Selenium1.ProgressBar" time="32.334" errors="0" timestamp="2025-03-24T17:34:02 IST" skipped="0">
  <testcase classname="Selenium1.ProgressBar" name="setup" time="32.334"/>
</testsuite> <!-- Selenium1.ProgressBar -->
