<?xml version="1.0" encoding="UTF-8"?>
<!-- Generated by org.testng.reporters.JUnitReportReporter -->
<testsuite hostname="Pradeep" failures="0" tests="3" name="Selenium1.Scribble" time="8.604" errors="0" timestamp="2025-05-04T14:26:36 IST" skipped="2">
  <testcase classname="Selenium1.Scribble" name="table" time="8.604"/>
  <testcase classname="Selenium1.Scribble" name="fun">
    <skipped/>
  </testcase> <!-- fun -->
  <testcase classname="Selenium1.Scribble" name="download">
    <skipped/>
  </testcase> <!-- download -->
</testsuite> <!-- Selenium1.Scribble -->
