<?xml version="1.0" encoding="UTF-8"?>
<!-- Generated by org.testng.reporters.JUnitReportReporter -->
<testsuite hostname="Pradeep" failures="0" tests="1" name="practice.expandtesting.RadioButtons" time="11.648" errors="0" timestamp="2025-03-26T11:33:07 IST" skipped="0">
  <testcase classname="practice.expandtesting.RadioButtons" name="setUp" time="11.648"/>
</testsuite> <!-- practice.expandtesting.RadioButtons -->
