<?xml version="1.0" encoding="UTF-8"?>
<!-- Generated by org.testng.reporters.JUnitReportReporter -->
<testsuite hostname="Pradeep" failures="0" tests="1" name="Selenium1.verifyText" time="10.058" errors="0" timestamp="2025-03-24T17:30:38 IST" skipped="0">
  <testcase classname="Selenium1.verifyText" name="setup" time="10.058"/>
</testsuite> <!-- Selenium1.verifyText -->
