<?xml version="1.0" encoding="UTF-8"?>
<!-- Generated by org.testng.reporters.JUnitReportReporter -->
<testsuite hostname="Pradeep" failures="0" tests="1" name="Selenium1.Practice2" time="6.939" errors="0" timestamp="2025-03-20T20:38:48 IST" skipped="0">
  <testcase classname="Selenium1.Practice2" name="setup" time="6.939"/>
</testsuite> <!-- Selenium1.Practice2 -->
