<?xml version="1.0" encoding="UTF-8"?>
<!-- Generated by org.testng.reporters.JUnitReportReporter -->
<testsuite hostname="Pradeep" failures="0" tests="1" name="practice.expandtesting.autoComplete" time="11.999" errors="0" timestamp="2025-03-27T17:55:10 IST" skipped="0">
  <testcase classname="practice.expandtesting.autoComplete" name="setUp" time="11.999"/>
</testsuite> <!-- practice.expandtesting.autoComplete -->
