<?xml version="1.0" encoding="UTF-8"?>
<!-- Generated by org.testng.reporters.JUnitReportReporter -->
<testsuite hostname="Pradeep" failures="0" tests="1" name="Selenium1.Practice3" time="3.604" errors="0" timestamp="2025-03-21T09:54:04 IST" skipped="0">
  <testcase classname="Selenium1.Practice3" name="setup" time="3.604"/>
</testsuite> <!-- Selenium1.Practice3 -->
