<?xml version="1.0" encoding="UTF-8"?>
<!-- Generated by org.testng.reporters.JUnitReportReporter -->
<testsuite hostname="Pradeep" failures="0" tests="1" name="practice.expandtesting.DragNDrop" time="6.206" errors="0" timestamp="2025-03-26T12:33:59 IST" skipped="0">
  <testcase classname="practice.expandtesting.DragNDrop" name="setUp" time="6.206"/>
</testsuite> <!-- practice.expandtesting.DragNDrop -->
