<?xml version="1.0" encoding="UTF-8"?>
<!-- Generated by org.testng.reporters.JUnitReportReporter -->
<testsuite hostname="Pradeep" failures="0" tests="1" name="practice.expandtesting.FloatMenu" time="6.291" errors="0" timestamp="2025-04-01T19:35:27 IST" skipped="0">
  <testcase classname="practice.expandtesting.FloatMenu" name="setUp" time="6.291"/>
</testsuite> <!-- practice.expandtesting.FloatMenu -->
