<?xml version="1.0" encoding="UTF-8"?>
<!-- Generated by org.testng.reporters.JUnitReportReporter -->
<testsuite hostname="Pradeep" failures="0" tests="1" name="Selenium1.Keys" time="2.351" errors="0" timestamp="2025-03-21T11:44:35 IST" skipped="0">
  <testcase classname="Selenium1.Keys" name="setup" time="2.351"/>
</testsuite> <!-- Selenium1.Keys -->
