<?xml version="1.0" encoding="UTF-8"?>
<!-- Generated by org.testng.reporters.JUnitReportReporter -->
<testsuite hostname="Pradeep" failures="0" tests="1" name="practice.expandtesting.JSalerts" time="10.881" errors="0" timestamp="2025-04-01T12:04:51 IST" skipped="0">
  <testcase classname="practice.expandtesting.JSalerts" name="setUp" time="10.881"/>
</testsuite> <!-- practice.expandtesting.JSalerts -->
