<?xml version="1.0" encoding="UTF-8"?>
<!-- Generated by org.testng.reporters.JUnitReportReporter -->
<testsuite hostname="Pradeep" failures="0" tests="1" name="Reports.ExtentReportsTest" time="0.656" errors="0" timestamp="2025-05-13T20:36:12 IST" skipped="0">
  <testcase classname="Reports.ExtentReportsTest" name="reportTest" time="0.656"/>
</testsuite> <!-- Reports.ExtentReportsTest -->
