<?xml version="1.0" encoding="UTF-8"?>
<!-- Generated by org.testng.reporters.JUnitReportReporter -->
<testsuite hostname="Pradeep" failures="0" tests="1" name="Selenium1.Login" time="8.684" errors="0" timestamp="2025-05-08T13:53:06 IST" skipped="0">
  <testcase classname="Selenium1.Login" name="setup" time="8.684"/>
</testsuite> <!-- Selenium1.Login -->
