<?xml version="1.0" encoding="UTF-8"?>
<!-- Generated by org.testng.reporters.JUnitReportReporter -->
<testsuite hostname="Pradeep" failures="0" tests="1" name="practice.expandtesting.BrokenImage" time="11.609" errors="0" timestamp="2025-03-31T17:00:43 IST" skipped="0">
  <testcase classname="practice.expandtesting.BrokenImage" name="setUp" time="11.609"/>
</testsuite> <!-- practice.expandtesting.BrokenImage -->
