<?xml version="1.0" encoding="UTF-8"?>
<!-- Generated by org.testng.reporters.JUnitReportReporter -->
<testsuite hostname="Pradeep" failures="0" tests="1" name="practice.expandtesting.adEntry" time="10.826" errors="0" timestamp="2025-04-02T17:05:26 IST" skipped="0">
  <testcase classname="practice.expandtesting.adEntry" name="setUp" time="10.826"/>
</testsuite> <!-- practice.expandtesting.adEntry -->
