<?xml version="1.0" encoding="UTF-8"?>
<!-- Generated by org.testng.reporters.JUnitReportReporter -->
<testsuite hostname="Pradeep" failures="0" tests="1" name="practice.expandtesting.SlowResources" time="13.896" errors="0" timestamp="2025-04-01T11:47:13 IST" skipped="0">
  <testcase classname="practice.expandtesting.SlowResources" name="setUp" time="13.896"/>
</testsuite> <!-- practice.expandtesting.SlowResources -->
