<?xml version="1.0" encoding="UTF-8"?>
<!-- Generated by org.testng.reporters.JUnitReportReporter -->
<testsuite hostname="Pradeep" failures="0" tests="1" name="practice.expandtesting.DropDownMenuViaXpath" time="7.046" errors="0" timestamp="2025-04-01T17:30:44 IST" skipped="0">
  <testcase classname="practice.expandtesting.DropDownMenuViaXpath" name="setUp" time="7.046"/>
</testsuite> <!-- practice.expandtesting.DropDownMenuViaXpath -->
