<?xml version="1.0" encoding="UTF-8"?>
<!-- Generated by org.testng.reporters.JUnitReportReporter -->
<testsuite hostname="Pradeep" failures="0" tests="1" name="Selenium1.DynamicLinks" time="13.828" errors="0" timestamp="2025-05-04T14:09:26 IST" skipped="0">
  <testcase classname="Selenium1.DynamicLinks" name="setup" time="13.828"/>
</testsuite> <!-- Selenium1.DynamicLinks -->
