<?xml version="1.0" encoding="UTF-8"?>
<!-- Generated by org.testng.reporters.JUnitReportReporter -->
<testsuite hostname="Pradeep" failures="0" tests="1" name="Selenium1.uiTestPlayground" time="8.841" errors="0" timestamp="2025-03-24T16:58:11 IST" skipped="0">
  <testcase classname="Selenium1.uiTestPlayground" name="setup" time="8.841"/>
</testsuite> <!-- Selenium1.uiTestPlayground -->
