<?xml version="1.0" encoding="UTF-8"?>
<!-- Generated by org.testng.reporters.JUnitReportReporter -->
<testsuite hostname="Pradeep" failures="0" tests="1" name="practice.expandtesting.InfiniteScroll" time="16.101" errors="0" timestamp="2025-04-01T11:35:26 IST" skipped="0">
  <testcase classname="practice.expandtesting.InfiniteScroll" name="setUp" time="16.101"/>
</testsuite> <!-- practice.expandtesting.InfiniteScroll -->
