<?xml version="1.0" encoding="UTF-8"?>
<!-- Generated by org.testng.reporters.JUnitReportReporter -->
<testsuite hostname="Pradeep" failures="0" tests="1" name="Selenium1.Practice1" time="8.023" errors="0" timestamp="2025-05-07T17:24:12 IST" skipped="0">
  <testcase classname="Selenium1.Practice1" name="setup" time="8.023"/>
</testsuite> <!-- Selenium1.Practice1 -->
