<?xml version="1.0" encoding="UTF-8"?>
<!-- Generated by org.testng.reporters.JUnitReportReporter -->
<testsuite hostname="Pradeep" failures="0" tests="1" name="practice.expandtesting.ExitIntent" time="13.307" errors="0" timestamp="2025-04-02T17:37:44 IST" skipped="0">
  <testcase classname="practice.expandtesting.ExitIntent" name="setUp" time="13.307"/>
</testsuite> <!-- practice.expandtesting.ExitIntent -->
