<?xml version="1.0" encoding="UTF-8"?>
<!-- Generated by org.testng.reporters.JUnitReportReporter -->
<testsuite hostname="Pradeep" failures="0" tests="1" name="Selenium1.scroll" time="6.263" errors="0" timestamp="2025-03-25T10:10:15 IST" skipped="0">
  <testcase classname="Selenium1.scroll" name="setup" time="6.263"/>
</testsuite> <!-- Selenium1.scroll -->
